[36mtrainer 0.4.1 — device-test fixture log (gen-train-log.py)[0m
[2mconfig: epochs=3 batch_size=32 lr=3e-4 optimizer=adamw[0m
[36m=== epoch 1 ===[0m
[2m     1[0m step 1 epoch 1 loss=[32m4.7407[0m lr=3.00e-04 grad_norm=1.427 tok/s=2174
[2m     2[0m step 2 epoch 1 loss=[32m4.6866[0m lr=2.99e-04 grad_norm=1.883 tok/s=2140
[2m     3[0m step 3 epoch 1 loss=[32m4.6506[0m lr=2.99e-04 grad_norm=2.016 tok/s=2115
[2m     4[0m step 4 epoch 1 loss=[32m4.6142[0m lr=2.99e-04 grad_norm=1.803 tok/s=2173
[2m     5[0m step 5 epoch 1 loss=[32m4.6041[0m lr=2.99e-04 grad_norm=2.087 tok/s=2208
[2m     6[0m step 6 epoch 1 loss=[32m4.5212[0m lr=2.98e-04 grad_norm=1.362 tok/s=2156
[2m     7[0m step 7 epoch 1 loss=[32m4.4409[0m lr=2.98e-04 grad_norm=1.128 tok/s=2118
[2m     8[0m step 8 epoch 1 loss=[32m4.3819[0m lr=2.98e-04 grad_norm=2.115 tok/s=1921
[2m     9[0m step 9 epoch 1 loss=[32m4.3415[0m lr=2.97e-04 grad_norm=2.402 tok/s=2121
[2m    10[0m step 10 epoch 1 loss=[32m4.2825[0m lr=2.97e-04 grad_norm=2.320 tok/s=2268
[2m    11[0m step 11 epoch 1 loss=[32m4.2309[0m lr=2.97e-04 grad_norm=2.049 tok/s=2360
[2m    12[0m step 12 epoch 1 loss=[32m4.2252[0m lr=2.96e-04 grad_norm=1.409 tok/s=2391
[2m    13[0m step 13 epoch 1 loss=[32m4.1598[0m lr=2.96e-04 grad_norm=0.366 tok/s=1855
[2m    14[0m step 14 epoch 1 loss=[32m4.1036[0m lr=2.96e-04 grad_norm=1.660 tok/s=2001
[2m    15[0m step 15 epoch 1 loss=[32m4.0950[0m lr=2.96e-04 grad_norm=0.652 tok/s=2382
[2m    16[0m step 16 epoch 1 loss=[32m4.0693[0m lr=2.95e-04 grad_norm=2.029 tok/s=2141
[2m    17[0m step 17 epoch 1 loss=[32m4.0341[0m lr=2.95e-04 grad_norm=2.018 tok/s=2362
[2m    18[0m step 18 epoch 1 loss=[32m4.0304[0m lr=2.95e-04 grad_norm=2.451 tok/s=2114
[2m    19[0m step 19 epoch 1 loss=[32m3.9620[0m lr=2.94e-04 grad_norm=0.691 tok/s=1985
[2m    20[0m step 20 epoch 1 loss=[32m3.9201[0m lr=2.94e-04 grad_norm=1.415 tok/s=1851
[2m    21[0m step 21 epoch 1 loss=[32m3.8616[0m lr=2.94e-04 grad_norm=1.818 tok/s=2397
[2m    22[0m step 22 epoch 1 loss=[32m3.8264[0m lr=2.93e-04 grad_norm=2.267 tok/s=2334
[2m    23[0m step 23 epoch 1 loss=[32m3.7891[0m lr=2.93e-04 grad_norm=1.930 tok/s=2161
[2m    24[0m step 24 epoch 1 loss=[32m3.7334[0m lr=2.93e-04 grad_norm=2.036 tok/s=2063
[2m    25[0m step 25 epoch 1 loss=[32m3.7139[0m lr=2.93e-04 grad_norm=1.830 tok/s=1860
[2m    26[0m step 26 epoch 1 loss=[32m3.6468[0m lr=2.92e-04 grad_norm=0.927 tok/s=1880
[2m    27[0m step 27 epoch 1 loss=[32m3.6328[0m lr=2.92e-04 grad_norm=2.391 tok/s=2059
[2m    28[0m step 28 epoch 1 loss=[32m3.5690[0m lr=2.92e-04 grad_norm=1.475 tok/s=2237
[2m    29[0m step 29 epoch 1 loss=[32m3.5441[0m lr=2.91e-04 grad_norm=1.849 tok/s=1843
[2m    30[0m step 30 epoch 1 loss=[32m3.5136[0m lr=2.91e-04 grad_norm=1.904 tok/s=1959
[2m    31[0m step 31 epoch 1 loss=[32m3.5097[0m lr=2.91e-04 grad_norm=1.261 tok/s=2189
[2m    32[0m step 32 epoch 1 loss=[32m3.5049[0m lr=2.91e-04 grad_norm=1.011 tok/s=2069
[2m    33[0m step 33 epoch 1 loss=[32m3.4546[0m lr=2.90e-04 grad_norm=0.641 tok/s=2295
[2m    34[0m step 34 epoch 1 loss=[32m3.4275[0m lr=2.90e-04 grad_norm=1.188 tok/s=2058
[2m    35[0m step 35 epoch 1 loss=[32m3.4166[0m lr=2.90e-04 grad_norm=1.836 tok/s=2141
[2m    36[0m step 36 epoch 1 loss=[32m3.3897[0m lr=2.89e-04 grad_norm=0.647 tok/s=2227
[2m    37[0m step 37 epoch 1 loss=[32m3.3264[0m lr=2.89e-04 grad_norm=1.851 tok/s=2129
[2m    38[0m step 38 epoch 1 loss=[32m3.3237[0m lr=2.89e-04 grad_norm=1.442 tok/s=1996
[2m    39[0m step 39 epoch 1 loss=[32m3.2811[0m lr=2.89e-04 grad_norm=0.906 tok/s=2359
[2m    40[0m step 40 epoch 1 loss=[32m3.2604[0m lr=2.88e-04 grad_norm=1.126 tok/s=2167
[2m    41[0m step 41 epoch 1 loss=[32m3.2458[0m lr=2.88e-04 grad_norm=0.902 tok/s=2250
[2m    42[0m step 42 epoch 1 loss=[32m3.2081[0m lr=2.88e-04 grad_norm=2.421 tok/s=2189
[2m    43[0m step 43 epoch 1 loss=[32m3.1989[0m lr=2.87e-04 grad_norm=2.087 tok/s=2042
[2m    44[0m step 44 epoch 1 loss=[32m3.1742[0m lr=2.87e-04 grad_norm=1.829 tok/s=2271
[2m    45[0m step 45 epoch 1 loss=[32m3.1301[0m lr=2.87e-04 grad_norm=0.988 tok/s=2081
[2m    46[0m step 46 epoch 1 loss=[32m3.0994[0m lr=2.87e-04 grad_norm=2.085 tok/s=2198
[2m    47[0m step 47 epoch 1 loss=[32m3.0376[0m lr=2.86e-04 grad_norm=0.285 tok/s=2316
[2m    48[0m step 48 epoch 1 loss=[32m3.0023[0m lr=2.86e-04 grad_norm=0.650 tok/s=2254
[2m    49[0m step 49 epoch 1 loss=[32m2.9955[0m lr=2.86e-04 grad_norm=0.759 tok/s=1853
[2m    50[0m step 50 epoch 1 loss=[32m2.9660[0m lr=2.85e-04 grad_norm=1.849 tok/s=2164
[2m    51[0m step 51 epoch 1 loss=[32m2.9343[0m lr=2.85e-04 grad_norm=2.337 tok/s=2393
[2m    52[0m step 52 epoch 1 loss=[32m2.8774[0m lr=2.85e-04 grad_norm=1.766 tok/s=1956
[2m    53[0m step 53 epoch 1 loss=[32m2.8483[0m lr=2.85e-04 grad_norm=1.559 tok/s=1844
[2m    54[0m step 54 epoch 1 loss=[32m2.8118[0m lr=2.84e-04 grad_norm=1.341 tok/s=1816
[2m    55[0m step 55 epoch 1 loss=[32m2.8034[0m lr=2.84e-04 grad_norm=1.272 tok/s=1882
[2m    56[0m step 56 epoch 1 loss=[32m2.7521[0m lr=2.84e-04 grad_norm=1.693 tok/s=2300
[2m    57[0m step 57 epoch 1 loss=[32m2.7009[0m lr=2.83e-04 grad_norm=1.891 tok/s=1821
[2m    58[0m step 58 epoch 1 loss=[32m2.6914[0m lr=2.83e-04 grad_norm=0.643 tok/s=2042
[2m    59[0m step 59 epoch 1 loss=[32m2.6509[0m lr=2.83e-04 grad_norm=1.690 tok/s=2251
[2m    60[0m step 60 epoch 1 loss=[32m2.6265[0m lr=2.83e-04 grad_norm=2.052 tok/s=2114
[36m=== epoch 2 ===[0m
[2m    61[0m step 61 epoch 2 loss=[32m2.5870[0m lr=2.82e-04 grad_norm=0.258 tok/s=2236
[2m    62[0m step 62 epoch 2 loss=[32m2.5687[0m lr=2.82e-04 grad_norm=1.650 tok/s=1973
[2m    63[0m step 63 epoch 2 loss=[32m2.5645[0m lr=2.82e-04 grad_norm=0.235 tok/s=2106
[2m    64[0m step 64 epoch 2 loss=[32m2.5322[0m lr=2.81e-04 grad_norm=2.175 tok/s=1960
[2m    65[0m step 65 epoch 2 loss=[32m2.4975[0m lr=2.81e-04 grad_norm=0.445 tok/s=1963
[2m    66[0m step 66 epoch 2 loss=[32m2.4701[0m lr=2.81e-04 grad_norm=2.298 tok/s=2391
[2m    67[0m step 67 epoch 2 loss=[32m2.4406[0m lr=2.81e-04 grad_norm=2.323 tok/s=1860
[2m    68[0m step 68 epoch 2 loss=[32m2.4196[0m lr=2.80e-04 grad_norm=1.765 tok/s=2225
[2m    69[0m step 69 epoch 2 loss=[32m2.4037[0m lr=2.80e-04 grad_norm=1.469 tok/s=2284
[2m    70[0m step 70 epoch 2 loss=[32m2.3679[0m lr=2.80e-04 grad_norm=0.370 tok/s=1869
[2m    71[0m step 71 epoch 2 loss=[32m2.3278[0m lr=2.79e-04 grad_norm=1.721 tok/s=2169
[2m    72[0m step 72 epoch 2 loss=[32m2.3151[0m lr=2.79e-04 grad_norm=1.071 tok/s=1800
[2m    73[0m step 73 epoch 2 loss=[32m2.2717[0m lr=2.79e-04 grad_norm=1.762 tok/s=2050
[2m    74[0m step 74 epoch 2 loss=[32m2.2690[0m lr=2.79e-04 grad_norm=1.465 tok/s=1917
[2m    75[0m step 75 epoch 2 loss=[32m2.2306[0m lr=2.78e-04 grad_norm=2.439 tok/s=2085
[2m    76[0m step 76 epoch 2 loss=[32m2.2073[0m lr=2.78e-04 grad_norm=2.308 tok/s=1959
[2m    77[0m step 77 epoch 2 loss=[32m2.1769[0m lr=2.78e-04 grad_norm=0.216 tok/s=2224
[2m    78[0m step 78 epoch 2 loss=[32m2.1639[0m lr=2.77e-04 grad_norm=1.055 tok/s=2130
[2m    79[0m step 79 epoch 2 loss=[32m2.1633[0m lr=2.77e-04 grad_norm=1.587 tok/s=1891
[2m    80[0m step 80 epoch 2 loss=[32m2.1304[0m lr=2.77e-04 grad_norm=0.323 tok/s=2183
[2m    81[0m step 81 epoch 2 loss=[32m2.0963[0m lr=2.77e-04 grad_norm=1.633 tok/s=2206
[2m    82[0m step 82 epoch 2 loss=[32m2.0765[0m lr=2.76e-04 grad_norm=0.228 tok/s=1988
[2m    83[0m step 83 epoch 2 loss=[32m2.0686[0m lr=2.76e-04 grad_norm=1.178 tok/s=1890
[2m    84[0m step 84 epoch 2 loss=[32m2.0286[0m lr=2.76e-04 grad_norm=1.671 tok/s=1961
[2m    85[0m step 85 epoch 2 loss=[32m2.0117[0m lr=2.76e-04 grad_norm=2.235 tok/s=1882
[2m    86[0m step 86 epoch 2 loss=[32m1.9732[0m lr=2.75e-04 grad_norm=1.353 tok/s=2247
[2m    87[0m step 87 epoch 2 loss=[32m1.9724[0m lr=2.75e-04 grad_norm=2.408 tok/s=2335
[2m    88[0m step 88 epoch 2 loss=[32m1.9508[0m lr=2.75e-04 grad_norm=0.903 tok/s=2129
[2m    89[0m step 89 epoch 2 loss=[32m1.9398[0m lr=2.74e-04 grad_norm=2.493 tok/s=2302
[2m    90[0m step 90 epoch 2 loss=[32m1.9256[0m lr=2.74e-04 grad_norm=2.490 tok/s=1825
[2m    91[0m step 91 epoch 2 loss=[32m1.8957[0m lr=2.74e-04 grad_norm=1.544 tok/s=2138
[2m    92[0m step 92 epoch 2 loss=[32m1.8610[0m lr=2.74e-04 grad_norm=0.697 tok/s=2351
[2m    93[0m step 93 epoch 2 loss=[32m1.8600[0m lr=2.73e-04 grad_norm=2.385 tok/s=2211
[2m    94[0m step 94 epoch 2 loss=[32m1.8344[0m lr=2.73e-04 grad_norm=1.116 tok/s=1839
[2m    95[0m step 95 epoch 2 loss=[32m1.8050[0m lr=2.73e-04 grad_norm=0.200 tok/s=1841
[2m    96[0m step 96 epoch 2 loss=[32m1.7805[0m lr=2.73e-04 grad_norm=2.431 tok/s=2267
[2m    97[0m step 97 epoch 2 loss=[32m1.7776[0m lr=2.72e-04 grad_norm=0.939 tok/s=2336
[33mWARN loss spike detected at step 97 (4.1x rolling median) — check data shard 12[0m
[2m    98[0m step 98 epoch 2 loss=[32m1.7557[0m lr=2.72e-04 grad_norm=1.491 tok/s=2018
[2m    99[0m step 99 epoch 2 loss=[32m1.7526[0m lr=2.72e-04 grad_norm=2.460 tok/s=2171
[2m   100[0m step 100 epoch 2 loss=[32m1.7264[0m lr=2.71e-04 grad_norm=0.274 tok/s=1949
[2m   101[0m step 101 epoch 2 loss=[32m1.7227[0m lr=2.71e-04 grad_norm=2.045 tok/s=2218
[2m   102[0m step 102 epoch 2 loss=[32m1.7171[0m lr=2.71e-04 grad_norm=0.663 tok/s=2071
[2m   103[0m step 103 epoch 2 loss=[32m1.7038[0m lr=2.71e-04 grad_norm=0.979 tok/s=2182
[2m   104[0m step 104 epoch 2 loss=[32m1.6827[0m lr=2.70e-04 grad_norm=0.576 tok/s=2283
[2m   105[0m step 105 epoch 2 loss=[32m1.6737[0m lr=2.70e-04 grad_norm=1.444 tok/s=1887
[2m   106[0m step 106 epoch 2 loss=[32m1.6511[0m lr=2.70e-04 grad_norm=0.846 tok/s=2062
[2m   107[0m step 107 epoch 2 loss=[32m1.6461[0m lr=2.70e-04 grad_norm=0.450 tok/s=2009
[2m   108[0m step 108 epoch 2 loss=[32m1.6173[0m lr=2.69e-04 grad_norm=0.534 tok/s=1967
[2m   109[0m step 109 epoch 2 loss=[32m1.6124[0m lr=2.69e-04 grad_norm=1.720 tok/s=1856
[2m   110[0m step 110 epoch 2 loss=[32m1.6048[0m lr=2.69e-04 grad_norm=1.009 tok/s=2117
[2m   111[0m step 111 epoch 2 loss=[32m1.5984[0m lr=2.68e-04 grad_norm=0.345 tok/s=2327
[2m   112[0m step 112 epoch 2 loss=[32m1.5849[0m lr=2.68e-04 grad_norm=1.408 tok/s=2187
[2m   113[0m step 113 epoch 2 loss=[32m1.5617[0m lr=2.68e-04 grad_norm=1.128 tok/s=2004
[2m   114[0m step 114 epoch 2 loss=[32m1.5364[0m lr=2.68e-04 grad_norm=1.848 tok/s=2169
[2m   115[0m step 115 epoch 2 loss=[32m1.5144[0m lr=2.67e-04 grad_norm=2.369 tok/s=2343
[2m   116[0m step 116 epoch 2 loss=[32m1.4843[0m lr=2.67e-04 grad_norm=2.293 tok/s=2048
[2m   117[0m step 117 epoch 2 loss=[32m1.4814[0m lr=2.67e-04 grad_norm=1.479 tok/s=2093
[2m   118[0m step 118 epoch 2 loss=[32m1.4717[0m lr=2.67e-04 grad_norm=0.869 tok/s=1844
[2m   119[0m step 119 epoch 2 loss=[32m1.4643[0m lr=2.66e-04 grad_norm=0.937 tok/s=1891
[2m   120[0m step 120 epoch 2 loss=[32m1.4454[0m lr=2.66e-04 grad_norm=1.444 tok/s=2075
[36m=== epoch 3 ===[0m
[2m   121[0m step 121 epoch 3 loss=[32m1.4299[0m lr=2.66e-04 grad_norm=0.279 tok/s=2130
[2m   122[0m step 122 epoch 3 loss=[32m1.4046[0m lr=2.66e-04 grad_norm=0.315 tok/s=1943
[2m   123[0m step 123 epoch 3 loss=[32m1.3926[0m lr=2.65e-04 grad_norm=2.239 tok/s=2380
[2m   124[0m step 124 epoch 3 loss=[32m1.3830[0m lr=2.65e-04 grad_norm=1.583 tok/s=2329
[2m   125[0m step 125 epoch 3 loss=[32m1.3648[0m lr=2.65e-04 grad_norm=1.212 tok/s=2398
[2m   126[0m step 126 epoch 3 loss=[32m1.3596[0m lr=2.64e-04 grad_norm=1.798 tok/s=2192
[2m   127[0m step 127 epoch 3 loss=[32m1.3396[0m lr=2.64e-04 grad_norm=0.678 tok/s=2337
[2m   128[0m step 128 epoch 3 loss=[32m1.3265[0m lr=2.64e-04 grad_norm=1.610 tok/s=2217
[2m   129[0m step 129 epoch 3 loss=[32m1.3116[0m lr=2.64e-04 grad_norm=2.482 tok/s=1930
[2m   130[0m step 130 epoch 3 loss=[32m1.3013[0m lr=2.63e-04 grad_norm=1.916 tok/s=1982
[31mTraceback (most recent call last):[0m
  File "trainer/run.py", line 88, in train_step
    loss = criterion(logits, batch.labels)
  File "trainer/losses.py", line 31, in __call__
    return self.base(x.float(), y)
[31mRuntimeError: CUDA error: an illegal memory access was encountered (recovered; retrying step)[0m
[2m   131[0m step 131 epoch 3 loss=[32m1.2993[0m lr=2.63e-04 grad_norm=0.961 tok/s=2057
[2m   132[0m step 132 epoch 3 loss=[32m1.2826[0m lr=2.63e-04 grad_norm=0.822 tok/s=2336
[2m   133[0m step 133 epoch 3 loss=[32m1.2762[0m lr=2.63e-04 grad_norm=0.431 tok/s=1990
[2m   134[0m step 134 epoch 3 loss=[32m1.2728[0m lr=2.62e-04 grad_norm=1.760 tok/s=1932
[2m   135[0m step 135 epoch 3 loss=[32m1.2598[0m lr=2.62e-04 grad_norm=1.707 tok/s=2316
[2m   136[0m step 136 epoch 3 loss=[32m1.2500[0m lr=2.62e-04 grad_norm=2.433 tok/s=2155
[2m   137[0m step 137 epoch 3 loss=[32m1.2333[0m lr=2.62e-04 grad_norm=1.467 tok/s=2110
[2m   138[0m step 138 epoch 3 loss=[32m1.2310[0m lr=2.61e-04 grad_norm=1.870 tok/s=2325
[2m   139[0m step 139 epoch 3 loss=[32m1.2197[0m lr=2.61e-04 grad_norm=0.270 tok/s=1863
[2m   140[0m step 140 epoch 3 loss=[32m1.1969[0m lr=2.61e-04 grad_norm=0.739 tok/s=1956
[2m   141[0m step 141 epoch 3 loss=[32m1.1914[0m lr=2.61e-04 grad_norm=0.356 tok/s=1827
[2m   142[0m step 142 epoch 3 loss=[32m1.1739[0m lr=2.60e-04 grad_norm=2.377 tok/s=1856
[2m   143[0m step 143 epoch 3 loss=[32m1.1526[0m lr=2.60e-04 grad_norm=2.498 tok/s=2398
[2m   144[0m step 144 epoch 3 loss=[32m1.1306[0m lr=2.60e-04 grad_norm=1.615 tok/s=2386
[2m   145[0m step 145 epoch 3 loss=[32m1.1148[0m lr=2.59e-04 grad_norm=0.930 tok/s=1957
[2m   146[0m step 146 epoch 3 loss=[32m1.1011[0m lr=2.59e-04 grad_norm=0.990 tok/s=2104
[2m   147[0m step 147 epoch 3 loss=[32m1.0880[0m lr=2.59e-04 grad_norm=0.898 tok/s=2151
[2m   148[0m step 148 epoch 3 loss=[32m1.0680[0m lr=2.59e-04 grad_norm=2.420 tok/s=2204
[2m   149[0m step 149 epoch 3 loss=[32m1.0508[0m lr=2.58e-04 grad_norm=0.979 tok/s=1983
[2m   150[0m step 150 epoch 3 loss=[32m1.0501[0m lr=2.58e-04 grad_norm=1.613 tok/s=2205
[2m   151[0m step 151 epoch 3 loss=[32m1.0310[0m lr=2.58e-04 grad_norm=1.205 tok/s=2208
[2m   152[0m step 152 epoch 3 loss=[32m1.0262[0m lr=2.58e-04 grad_norm=1.957 tok/s=1873
[2m   153[0m step 153 epoch 3 loss=[32m1.0215[0m lr=2.57e-04 grad_norm=1.825 tok/s=2330
[2m   154[0m step 154 epoch 3 loss=[32m1.0177[0m lr=2.57e-04 grad_norm=0.813 tok/s=2148
[2m   155[0m step 155 epoch 3 loss=[32m1.0125[0m lr=2.57e-04 grad_norm=0.607 tok/s=1801
[2m   156[0m step 156 epoch 3 loss=[32m1.0016[0m lr=2.57e-04 grad_norm=0.803 tok/s=2248
[2m   157[0m step 157 epoch 3 loss=[32m1.0011[0m lr=2.56e-04 grad_norm=0.857 tok/s=2027
[2m   158[0m step 158 epoch 3 loss=[32m0.9906[0m lr=2.56e-04 grad_norm=1.105 tok/s=2158
[2m   159[0m step 159 epoch 3 loss=[32m0.9896[0m lr=2.56e-04 grad_norm=0.231 tok/s=2037
[2m   160[0m step 160 epoch 3 loss=[32m0.9796[0m lr=2.56e-04 grad_norm=0.810 tok/s=2266
[2m   161[0m step 161 epoch 3 loss=[32m0.9741[0m lr=2.55e-04 grad_norm=1.208 tok/s=2333
[2m   162[0m step 162 epoch 3 loss=[32m0.9608[0m lr=2.55e-04 grad_norm=2.370 tok/s=2121
[2m   163[0m step 163 epoch 3 loss=[32m0.9479[0m lr=2.55e-04 grad_norm=1.129 tok/s=2366
[2m   164[0m step 164 epoch 3 loss=[32m0.9369[0m lr=2.55e-04 grad_norm=2.123 tok/s=2294
[2m   165[0m step 165 epoch 3 loss=[32m0.9250[0m lr=2.54e-04 grad_norm=1.449 tok/s=2290
[2m   166[0m step 166 epoch 3 loss=[32m0.9092[0m lr=2.54e-04 grad_norm=2.387 tok/s=2104
[2m   167[0m step 167 epoch 3 loss=[32m0.8987[0m lr=2.54e-04 grad_norm=2.236 tok/s=2345
[2m   168[0m step 168 epoch 3 loss=[32m0.8832[0m lr=2.54e-04 grad_norm=2.146 tok/s=2353
[2m   169[0m step 169 epoch 3 loss=[32m0.8750[0m lr=2.53e-04 grad_norm=2.499 tok/s=2339
[2m   170[0m step 170 epoch 3 loss=[32m0.8677[0m lr=2.53e-04 grad_norm=0.272 tok/s=2148
[2m   171[0m step 171 epoch 3 loss=[32m0.8559[0m lr=2.53e-04 grad_norm=2.479 tok/s=2199
[2m   172[0m step 172 epoch 3 loss=[32m0.8500[0m lr=2.53e-04 grad_norm=2.148 tok/s=2374
[2m   173[0m step 173 epoch 3 loss=[32m0.8341[0m lr=2.52e-04 grad_norm=0.723 tok/s=2071
[2m   174[0m step 174 epoch 3 loss=[32m0.8313[0m lr=2.52e-04 grad_norm=1.220 tok/s=2024
[2m   175[0m step 175 epoch 3 loss=[32m0.8172[0m lr=2.52e-04 grad_norm=0.447 tok/s=2119
[2m   176[0m step 176 epoch 3 loss=[32m0.8161[0m lr=2.52e-04 grad_norm=0.277 tok/s=1914
[2m   177[0m step 177 epoch 3 loss=[32m0.8126[0m lr=2.51e-04 grad_norm=1.809 tok/s=2035
[2m   178[0m step 178 epoch 3 loss=[32m0.8095[0m lr=2.51e-04 grad_norm=2.010 tok/s=2397
[2m   179[0m step 179 epoch 3 loss=[32m0.7989[0m lr=2.51e-04 grad_norm=1.767 tok/s=1897
[2m   180[0m step 180 epoch 3 loss=[32m0.7850[0m lr=2.51e-04 grad_norm=2.384 tok/s=1835
[36m=== epoch 4 ===[0m
[2m   181[0m step 181 epoch 4 loss=[32m0.7723[0m lr=2.50e-04 grad_norm=0.519 tok/s=2032
[2m   182[0m step 182 epoch 4 loss=[32m0.7635[0m lr=2.50e-04 grad_norm=0.225 tok/s=2375
[2m   183[0m step 183 epoch 4 loss=[32m0.7499[0m lr=2.50e-04 grad_norm=1.324 tok/s=1851
[2m   184[0m step 184 epoch 4 loss=[32m0.7469[0m lr=2.50e-04 grad_norm=2.446 tok/s=2132
[2m   185[0m step 185 epoch 4 loss=[32m0.7344[0m lr=2.49e-04 grad_norm=0.504 tok/s=2350
[2m   186[0m step 186 epoch 4 loss=[32m0.7265[0m lr=2.49e-04 grad_norm=2.447 tok/s=2077
[2m   187[0m step 187 epoch 4 loss=[32m0.7220[0m lr=2.49e-04 grad_norm=2.110 tok/s=2269
[32mdone: 187 steps, final loss 0.7220[0m
